{"/home/seidor/Downloads/cursoJsTestes/project1/src/lib/Cart.js": {"path":"/home/seidor/Downloads/cursoJsTestes/project1/src/lib/Cart.js","statementMap":{"0":{"start":{"line":6,"column":36},"end":{"line":11,"column":1}},"1":{"start":{"line":7,"column":2},"end":{"line":9,"column":3}},"2":{"start":{"line":8,"column":4},"end":{"line":8,"column":56}},"3":{"start":{"line":10,"column":2},"end":{"line":10,"column":30}},"4":{"start":{"line":13,"column":34},"end":{"line":19,"column":1}},"5":{"start":{"line":14,"column":17},"end":{"line":14,"column":40}},"6":{"start":{"line":15,"column":2},"end":{"line":17,"column":3}},"7":{"start":{"line":16,"column":4},"end":{"line":16,"column":47}},"8":{"start":{"line":18,"column":2},"end":{"line":18,"column":30}},"9":{"start":{"line":21,"column":14},"end":{"line":21,"column":20}},"10":{"start":{"line":23,"column":0},"end":{"line":23,"column":30}},"11":{"start":{"line":24,"column":0},"end":{"line":24,"column":27}},"12":{"start":{"line":26,"column":10},"end":{"line":26,"column":12}},"13":{"start":{"line":29,"column":23},"end":{"line":29,"column":48}},"14":{"start":{"line":30,"column":4},"end":{"line":30,"column":69}},"15":{"start":{"line":30,"column":38},"end":{"line":30,"column":69}},"16":{"start":{"line":32,"column":4},"end":{"line":32,"column":26}},"17":{"start":{"line":36,"column":4},"end":{"line":36,"column":36}},"18":{"start":{"line":40,"column":4},"end":{"line":52,"column":29}},"19":{"start":{"line":41,"column":21},"end":{"line":41,"column":74}},"20":{"start":{"line":43,"column":21},"end":{"line":43,"column":41}},"21":{"start":{"line":45,"column":6},"end":{"line":49,"column":7}},"22":{"start":{"line":46,"column":8},"end":{"line":46,"column":61}},"23":{"start":{"line":47,"column":13},"end":{"line":49,"column":7}},"24":{"start":{"line":48,"column":8},"end":{"line":48,"column":59}},"25":{"start":{"line":51,"column":6},"end":{"line":51,"column":48}},"26":{"start":{"line":56,"column":18},"end":{"line":56,"column":45}},"27":{"start":{"line":57,"column":18},"end":{"line":57,"column":28}},"28":{"start":{"line":59,"column":4},"end":{"line":62,"column":6}},"29":{"start":{"line":66,"column":29},"end":{"line":66,"column":43}},"30":{"start":{"line":68,"column":4},"end":{"line":68,"column":20}},"31":{"start":{"line":70,"column":4},"end":{"line":73,"column":6}}},"fnMap":{"0":{"name":"(anonymous_0)","decl":{"start":{"line":6,"column":36},"end":{"line":6,"column":37}},"loc":{"start":{"line":6,"column":54},"end":{"line":11,"column":1}},"line":6},"1":{"name":"(anonymous_1)","decl":{"start":{"line":13,"column":34},"end":{"line":13,"column":35}},"loc":{"start":{"line":13,"column":52},"end":{"line":19,"column":1}},"line":13},"2":{"name":"(anonymous_2)","decl":{"start":{"line":28,"column":2},"end":{"line":28,"column":3}},"loc":{"start":{"line":28,"column":12},"end":{"line":33,"column":3}},"line":28},"3":{"name":"(anonymous_3)","decl":{"start":{"line":35,"column":2},"end":{"line":35,"column":3}},"loc":{"start":{"line":35,"column":18},"end":{"line":37,"column":3}},"line":35},"4":{"name":"(anonymous_4)","decl":{"start":{"line":39,"column":2},"end":{"line":39,"column":3}},"loc":{"start":{"line":39,"column":13},"end":{"line":53,"column":3}},"line":39},"5":{"name":"(anonymous_5)","decl":{"start":{"line":40,"column":29},"end":{"line":40,"column":30}},"loc":{"start":{"line":40,"column":44},"end":{"line":52,"column":5}},"line":40},"6":{"name":"(anonymous_6)","decl":{"start":{"line":55,"column":2},"end":{"line":55,"column":3}},"loc":{"start":{"line":55,"column":12},"end":{"line":63,"column":3}},"line":55},"7":{"name":"(anonymous_7)","decl":{"start":{"line":65,"column":2},"end":{"line":65,"column":3}},"loc":{"start":{"line":65,"column":13},"end":{"line":74,"column":3}},"line":65}},"branchMap":{"0":{"loc":{"start":{"line":7,"column":2},"end":{"line":9,"column":3}},"type":"if","locations":[{"start":{"line":7,"column":2},"end":{"line":9,"column":3}},{"start":{},"end":{}}],"line":7},"1":{"loc":{"start":{"line":7,"column":6},"end":{"line":7,"column":74}},"type":"binary-expr","locations":[{"start":{"line":7,"column":6},"end":{"line":7,"column":32}},{"start":{"line":7,"column":36},"end":{"line":7,"column":74}}],"line":7},"2":{"loc":{"start":{"line":15,"column":2},"end":{"line":17,"column":3}},"type":"if","locations":[{"start":{"line":15,"column":2},"end":{"line":17,"column":3}},{"start":{},"end":{}}],"line":15},"3":{"loc":{"start":{"line":15,"column":6},"end":{"line":15,"column":73}},"type":"binary-expr","locations":[{"start":{"line":15,"column":6},"end":{"line":15,"column":30}},{"start":{"line":15,"column":34},"end":{"line":15,"column":73}}],"line":15},"4":{"loc":{"start":{"line":16,"column":29},"end":{"line":16,"column":45}},"type":"cond-expr","locations":[{"start":{"line":16,"column":38},"end":{"line":16,"column":40}},{"start":{"line":16,"column":43},"end":{"line":16,"column":45}}],"line":16},"5":{"loc":{"start":{"line":30,"column":4},"end":{"line":30,"column":69}},"type":"if","locations":[{"start":{"line":30,"column":4},"end":{"line":30,"column":69}},{"start":{},"end":{}}],"line":30},"6":{"loc":{"start":{"line":45,"column":6},"end":{"line":49,"column":7}},"type":"if","locations":[{"start":{"line":45,"column":6},"end":{"line":49,"column":7}},{"start":{"line":47,"column":13},"end":{"line":49,"column":7}}],"line":45},"7":{"loc":{"start":{"line":47,"column":13},"end":{"line":49,"column":7}},"type":"if","locations":[{"start":{"line":47,"column":13},"end":{"line":49,"column":7}},{"start":{},"end":{}}],"line":47}},"s":{"0":1,"1":2,"2":1,"3":1,"4":1,"5":3,"6":3,"7":2,"8":1,"9":1,"10":1,"11":1,"12":12,"13":15,"14":15,"15":1,"16":15,"17":1,"18":14,"19":15,"20":15,"21":15,"22":2,"23":13,"24":3,"25":15,"26":3,"27":3,"28":3,"29":2,"30":2,"31":2},"f":{"0":2,"1":3,"2":15,"3":1,"4":14,"5":15,"6":3,"7":2},"b":{"0":[1,1],"1":[2,2],"2":[2,1],"3":[3,3],"4":[1,1],"5":[1,14],"6":[2,13],"7":[3,10]},"_coverageSchema":"1a1c01bbd47fc00a2c39e90264f33305004495a9","hash":"f11b86fbf71b7a2658367ba4bfc78483fee90c4d"}
,"/home/seidor/Downloads/cursoJsTestes/project1/src/lib/calculator.js": {"path":"/home/seidor/Downloads/cursoJsTestes/project1/src/lib/calculator.js","statementMap":{"0":{"start":{"line":2,"column":15},"end":{"line":2,"column":29}},"1":{"start":{"line":3,"column":15},"end":{"line":3,"column":29}},"2":{"start":{"line":5,"column":2},"end":{"line":7,"column":3}},"3":{"start":{"line":6,"column":4},"end":{"line":6,"column":47}},"4":{"start":{"line":8,"column":2},"end":{"line":8,"column":21}}},"fnMap":{"0":{"name":"sum","decl":{"start":{"line":1,"column":16},"end":{"line":1,"column":19}},"loc":{"start":{"line":1,"column":32},"end":{"line":9,"column":1}},"line":1}},"branchMap":{"0":{"loc":{"start":{"line":5,"column":2},"end":{"line":7,"column":3}},"type":"if","locations":[{"start":{"line":5,"column":2},"end":{"line":7,"column":3}},{"start":{},"end":{}}],"line":5},"1":{"loc":{"start":{"line":5,"column":6},"end":{"line":5,"column":46}},"type":"binary-expr","locations":[{"start":{"line":5,"column":6},"end":{"line":5,"column":24}},{"start":{"line":5,"column":28},"end":{"line":5,"column":46}}],"line":5}},"s":{"0":6,"1":6,"2":6,"3":4,"4":2},"f":{"0":6},"b":{"0":[4,2],"1":[6,3]},"_coverageSchema":"1a1c01bbd47fc00a2c39e90264f33305004495a9","hash":"b59e5a3de8cbfebac94468a7ceebf77d87fa9fb3"}
,"/home/seidor/Downloads/cursoJsTestes/project1/src/lib/queryString.js": {"path":"/home/seidor/Downloads/cursoJsTestes/project1/src/lib/queryString.js","statementMap":{"0":{"start":{"line":1,"column":25},"end":{"line":6,"column":1}},"1":{"start":{"line":2,"column":2},"end":{"line":4,"column":3}},"2":{"start":{"line":3,"column":4},"end":{"line":3,"column":48}},"3":{"start":{"line":5,"column":2},"end":{"line":5,"column":27}},"4":{"start":{"line":9,"column":2},"end":{"line":9,"column":61}},"5":{"start":{"line":13,"column":2},"end":{"line":23,"column":4}},"6":{"start":{"line":15,"column":20},"end":{"line":15,"column":35}},"7":{"start":{"line":17,"column":6},"end":{"line":19,"column":7}},"8":{"start":{"line":18,"column":8},"end":{"line":18,"column":39}},"9":{"start":{"line":21,"column":6},"end":{"line":21,"column":19}}},"fnMap":{"0":{"name":"(anonymous_0)","decl":{"start":{"line":1,"column":25},"end":{"line":1,"column":26}},"loc":{"start":{"line":1,"column":43},"end":{"line":6,"column":1}},"line":1},"1":{"name":"queryString","decl":{"start":{"line":8,"column":16},"end":{"line":8,"column":27}},"loc":{"start":{"line":8,"column":33},"end":{"line":10,"column":1}},"line":8},"2":{"name":"parse","decl":{"start":{"line":12,"column":16},"end":{"line":12,"column":21}},"loc":{"start":{"line":12,"column":30},"end":{"line":24,"column":1}},"line":12},"3":{"name":"(anonymous_3)","decl":{"start":{"line":14,"column":26},"end":{"line":14,"column":27}},"loc":{"start":{"line":14,"column":34},"end":{"line":22,"column":5}},"line":14}},"branchMap":{"0":{"loc":{"start":{"line":2,"column":2},"end":{"line":4,"column":3}},"type":"if","locations":[{"start":{"line":2,"column":2},"end":{"line":4,"column":3}},{"start":{},"end":{}}],"line":2},"1":{"loc":{"start":{"line":2,"column":6},"end":{"line":2,"column":56}},"type":"binary-expr","locations":[{"start":{"line":2,"column":6},"end":{"line":2,"column":31}},{"start":{"line":2,"column":35},"end":{"line":2,"column":56}}],"line":2},"2":{"loc":{"start":{"line":17,"column":6},"end":{"line":19,"column":7}},"type":"if","locations":[{"start":{"line":17,"column":6},"end":{"line":19,"column":7}},{"start":{},"end":{}}],"line":17}},"s":{"0":1,"1":6,"2":1,"3":5,"4":3,"5":3,"6":5,"7":5,"8":1,"9":5},"f":{"0":6,"1":3,"2":3,"3":5},"b":{"0":[1,5],"1":[6,2],"2":[1,4]},"_coverageSchema":"1a1c01bbd47fc00a2c39e90264f33305004495a9","hash":"d9d849ff9aa69c89629fdf854276a4df9ae45f47"}
}
