TN:
SF:src/lib/Cart.js
FN:6,(anonymous_0)
FN:13,(anonymous_1)
FN:28,(anonymous_2)
FN:35,(anonymous_3)
FN:39,(anonymous_4)
FN:40,(anonymous_5)
FN:55,(anonymous_6)
FN:65,(anonymous_7)
FNF:8
FNH:8
FNDA:1,(anonymous_0)
FNDA:2,(anonymous_1)
FNDA:13,(anonymous_2)
FNDA:1,(anonymous_3)
FNDA:12,(anonymous_4)
FNDA:13,(anonymous_5)
FNDA:3,(anonymous_6)
FNDA:2,(anonymous_7)
DA:6,1
DA:7,1
DA:8,1
DA:10,0
DA:13,1
DA:14,2
DA:15,2
DA:16,2
DA:18,0
DA:21,1
DA:23,1
DA:24,1
DA:26,10
DA:29,13
DA:30,13
DA:32,13
DA:36,1
DA:40,12
DA:41,13
DA:43,13
DA:45,13
DA:46,1
DA:47,12
DA:48,2
DA:51,13
DA:56,3
DA:57,3
DA:59,3
DA:66,2
DA:68,2
DA:70,2
LF:31
LH:29
BRDA:7,0,0,1
BRDA:7,0,1,0
BRDA:7,1,0,1
BRDA:7,1,1,1
BRDA:15,2,0,2
BRDA:15,2,1,0
BRDA:15,3,0,2
BRDA:15,3,1,2
BRDA:16,4,0,1
BRDA:16,4,1,1
BRDA:30,5,0,1
BRDA:30,5,1,12
BRDA:45,6,0,1
BRDA:45,6,1,12
BRDA:47,7,0,2
BRDA:47,7,1,10
BRF:16
BRH:14
end_of_record
TN:
SF:src/lib/calculator.js
FN:1,sum
FNF:1
FNH:1
FNDA:6,sum
DA:2,6
DA:3,6
DA:5,6
DA:6,4
DA:8,2
LF:5
LH:5
BRDA:5,0,0,4
BRDA:5,0,1,2
BRDA:5,1,0,6
BRDA:5,1,1,3
BRF:4
BRH:4
end_of_record
TN:
SF:src/lib/queryString.js
FN:1,(anonymous_0)
FN:8,queryString
FN:12,parse
FN:14,(anonymous_3)
FNF:4
FNH:4
FNDA:6,(anonymous_0)
FNDA:3,queryString
FNDA:3,parse
FNDA:5,(anonymous_3)
DA:1,1
DA:2,6
DA:3,1
DA:5,5
DA:9,3
DA:13,3
DA:15,5
DA:17,5
DA:18,1
DA:21,5
LF:10
LH:10
BRDA:2,0,0,1
BRDA:2,0,1,5
BRDA:2,1,0,6
BRDA:2,1,1,2
BRDA:17,2,0,1
BRDA:17,2,1,4
BRF:6
BRH:6
end_of_record
